c:\users\admin\documents\github\behavioral-project\behavioral_project\release\vc140.pdb
c:\users\admin\documents\github\behavioral-project\behavioral_project\release\water.obj
c:\users\admin\documents\github\behavioral-project\behavioral_project\release\resource.obj
c:\users\admin\documents\github\behavioral-project\behavioral_project\release\plant.obj
c:\users\admin\documents\github\behavioral-project\behavioral_project\release\objectlogic.obj
c:\users\admin\documents\github\behavioral-project\behavioral_project\release\objectfactory.obj
c:\users\admin\documents\github\behavioral-project\behavioral_project\release\meat.obj
c:\users\admin\documents\github\behavioral-project\behavioral_project\release\main.obj
c:\users\admin\documents\github\behavioral-project\behavioral_project\release\herbivore.obj
c:\users\admin\documents\github\behavioral-project\behavioral_project\release\game.obj
c:\users\admin\documents\github\behavioral-project\behavioral_project\release\entity.obj
c:\users\admin\documents\github\behavioral-project\behavioral_project\release\carnivore.obj
c:\users\admin\documents\github\behavioral-project\release\behavioral_project.exe
c:\users\admin\documents\github\behavioral-project\release\behavioral_project.ipdb
c:\users\admin\documents\github\behavioral-project\release\behavioral_project.iobj
c:\users\admin\documents\github\behavioral-project\release\behavioral_project.pdb
c:\users\admin\documents\github\behavioral-project\behavioral_project\release\behavior.03f38457.tlog\cl.command.1.tlog
c:\users\admin\documents\github\behavioral-project\behavioral_project\release\behavior.03f38457.tlog\cl.read.1.tlog
c:\users\admin\documents\github\behavioral-project\behavioral_project\release\behavior.03f38457.tlog\cl.write.1.tlog
c:\users\admin\documents\github\behavioral-project\behavioral_project\release\behavior.03f38457.tlog\link.command.1.tlog
c:\users\admin\documents\github\behavioral-project\behavioral_project\release\behavior.03f38457.tlog\link.read.1.tlog
c:\users\admin\documents\github\behavioral-project\behavioral_project\release\behavior.03f38457.tlog\link.write.1.tlog
