c:\users\admin\documents\github\behavioral-project\behavioral_project\debug\vc140.pdb
c:\users\admin\documents\github\behavioral-project\behavioral_project\debug\vc140.idb
c:\users\admin\documents\github\behavioral-project\behavioral_project\debug\carnivore.obj
c:\users\admin\documents\github\behavioral-project\behavioral_project\debug\entity.obj
c:\users\admin\documents\github\behavioral-project\behavioral_project\debug\game.obj
c:\users\admin\documents\github\behavioral-project\behavioral_project\debug\herbivore.obj
c:\users\admin\documents\github\behavioral-project\behavioral_project\debug\main.obj
c:\users\admin\documents\github\behavioral-project\behavioral_project\debug\objectfactory.obj
c:\users\admin\documents\github\behavioral-project\behavioral_project\debug\objectlogic.obj
c:\users\admin\documents\github\behavioral-project\behavioral_project\debug\plant.obj
c:\users\admin\documents\github\behavioral-project\behavioral_project\debug\resource.obj
c:\users\admin\documents\github\behavioral-project\behavioral_project\debug\water.obj
c:\users\admin\documents\github\behavioral-project\debug\behavioral_project.ilk
c:\users\admin\documents\github\behavioral-project\debug\behavioral_project.exe
c:\users\admin\documents\github\behavioral-project\debug\behavioral_project.pdb
c:\users\admin\documents\github\behavioral-project\behavioral_project\debug\behavior.03f38457.tlog\cl.command.1.tlog
c:\users\admin\documents\github\behavioral-project\behavioral_project\debug\behavior.03f38457.tlog\cl.read.1.tlog
c:\users\admin\documents\github\behavioral-project\behavioral_project\debug\behavior.03f38457.tlog\cl.write.1.tlog
c:\users\admin\documents\github\behavioral-project\behavioral_project\debug\behavior.03f38457.tlog\link.command.1.tlog
c:\users\admin\documents\github\behavioral-project\behavioral_project\debug\behavior.03f38457.tlog\link.read.1.tlog
c:\users\admin\documents\github\behavioral-project\behavioral_project\debug\behavior.03f38457.tlog\link.write.1.tlog
